<?xml version="1.0" encoding="UTF-8"?>
<!-- Generated by org.testng.reporters.JUnitXMLReporter -->
<testsuite ignored="0" hostname="cartlowqaakmal-Inspiron-5558" failures="1" tests="2" name="Cartlow testing" time="17.678" errors="0" timestamp="06 Dec 2022 05:48:45 GMT">
  <testcase classname="cartview" name="login" time="17.624"/>
  <testcase classname="search" name="searchplp" time="0.0">
    <failure type="java.lang.NullPointerException">
      <![CDATA[java.lang.NullPointerException
at allfunction.searchplp(allfunction.java:97)
at search.searchplp(search.java:14)
at com.intellij.rt.testng.IDEARemoteTestNG.run(IDEARemoteTestNG.java:66)
at com.intellij.rt.testng.RemoteTestNGStarter.main(RemoteTestNGStarter.java:109)
... Removed 22 stack frames]]>
    </failure>
  </testcase> <!-- searchplp -->
</testsuite> <!-- Cartlow testing -->
