<?xml version="1.0" encoding="UTF-8"?>
<!-- Generated by org.testng.reporters.JUnitXMLReporter -->
<testsuite ignored="0" hostname="cartlowqaakmal-Inspiron-5558" failures="1" tests="1" name="search" time="0.011" errors="0" timestamp="06 Dec 2022 05:33:12 GMT">
  <testcase classname="search" name="searchplp" time="0.001">
    <failure type="java.lang.NullPointerException">
      <![CDATA[java.lang.NullPointerException
at allfunction.searchplp(allfunction.java:97)
at search.searchplp(search.java:14)
at com.intellij.rt.testng.IDEARemoteTestNG.run(IDEARemoteTestNG.java:66)
at com.intellij.rt.testng.RemoteTestNGStarter.main(RemoteTestNGStarter.java:109)
... Removed 22 stack frames]]>
    </failure>
  </testcase> <!-- searchplp -->
</testsuite> <!-- search -->
